[debug] [2022-06-26T03:11:10.903Z] ----------------------------------------------------------------------
[debug] [2022-06-26T03:11:10.904Z] Command:       /home/caardila/.nvm/versions/node/v18.4.0/bin/node /home/caardila/.nvm/versions/node/v18.4.0/bin/firebase init
[debug] [2022-06-26T03:11:10.905Z] CLI Version:   11.1.0
[debug] [2022-06-26T03:11:10.905Z] Platform:      linux
[debug] [2022-06-26T03:11:10.905Z] Node Version:  v18.4.0
[debug] [2022-06-26T03:11:10.906Z] Time:          Sat Jun 25 2022 22:11:10 GMT-0500 (Colombia Standard Time)
[debug] [2022-06-26T03:11:10.906Z] ----------------------------------------------------------------------
[debug] 
[debug] [2022-06-26T03:11:10.953Z] > command requires scopes: ["email","openid","https://www.googleapis.com/auth/cloudplatformprojects.readonly","https://www.googleapis.com/auth/firebase","https://www.googleapis.com/auth/cloud-platform"]
[debug] [2022-06-26T03:11:10.953Z] > authorizing via signed-in user (caardila41@gmail.com)
[info] 
     ######## #### ########  ######## ########     ###     ######  ########
     ##        ##  ##     ## ##       ##     ##  ##   ##  ##       ##
     ######    ##  ########  ######   ########  #########  ######  ######
     ##        ##  ##    ##  ##       ##     ## ##     ##       ## ##
     ##       #### ##     ## ######## ########  ##     ##  ######  ########

You're about to initialize a Firebase project in this directory:

  /home/caardila/minticProject/quickstart-js/auth

Before we get started, keep in mind:

  * You are initializing within an existing Firebase project directory

[info] 
=== Project Setup
[info] 
[info] First, let's associate this project directory with a Firebase project.
[info] You can create multiple project aliases by running firebase use --add, 
[info] but for now we'll just set up a default project.
[info] 
[debug] [2022-06-26T03:11:18.613Z] Using project from CLI flag: pruebas-aefe7
[debug] [2022-06-26T03:11:18.615Z] > refreshing access token with scopes: []
[debug] [2022-06-26T03:11:18.617Z] >>> [apiv2][query] POST https://www.googleapis.com/oauth2/v3/token [none]
[debug] [2022-06-26T03:11:18.617Z] >>> [apiv2][body] POST https://www.googleapis.com/oauth2/v3/token [omitted]
[debug] [2022-06-26T03:11:18.998Z] <<< [apiv2][status] POST https://www.googleapis.com/oauth2/v3/token 200
[debug] [2022-06-26T03:11:18.998Z] <<< [apiv2][body] POST https://www.googleapis.com/oauth2/v3/token [omitted]
[debug] [2022-06-26T03:11:19.023Z] >>> [apiv2][query] GET https://firebase.googleapis.com/v1beta1/projects/pruebas-aefe7 [none]
[debug] [2022-06-26T03:11:19.337Z] <<< [apiv2][status] GET https://firebase.googleapis.com/v1beta1/projects/pruebas-aefe7 200
[debug] [2022-06-26T03:11:19.337Z] <<< [apiv2][body] GET https://firebase.googleapis.com/v1beta1/projects/pruebas-aefe7 {"projectId":"pruebas-aefe7","projectNumber":"1015170994997","displayName":"Pruebas","name":"projects/pruebas-aefe7","resources":{"hostingSite":"pruebas-aefe7","storageBucket":"pruebas-aefe7.appspot.com","locationId":"us-central"},"state":"ACTIVE"}
[info] i  Using project pruebas-aefe7 (Pruebas) 
[info] 
=== Hosting Setup
[info] 
[info] Your public directory is the folder (relative to your project directory) that
[info] will contain Hosting assets to be uploaded with firebase deploy. If you
[info] have a build process for your assets, use your build's output directory.
[info] 
[debug] [2022-06-26T03:11:37.838Z] >>> [apiv2][query] GET https://www.gstatic.com/firebasejs/releases.json [none]
[debug] [2022-06-26T03:11:37.963Z] <<< [apiv2][status] GET https://www.gstatic.com/firebasejs/releases.json 200
[debug] [2022-06-26T03:11:37.963Z] <<< [apiv2][body] GET https://www.gstatic.com/firebasejs/releases.json {"current":{"version":"9.8.4","browserURL":"https://www.gstatic.com/firebasejs/9.8.4/firebase.js","packageURL":"https://www.gstatic.com/firebasejs/9.8.4/firebase.tgz"},"live":{"version":"9.8","browserURL":"https://www.gstatic.com/firebasejs/live/9.8/firebase.js","packageURL":"https://www.gstatic.com/firebasejs/live/9.8/firebase.tgz"},"components":{"analytics":"https://www.gstatic.com/firebasejs/9.8.4/firebase-analytics.js","app":"https://www.gstatic.com/firebasejs/9.8.4/firebase-app.js","app-check":"https://www.gstatic.com/firebasejs/9.8.4/firebase-app-check.js","auth":"https://www.gstatic.com/firebasejs/9.8.4/firebase-auth.js","auth/cordova":"https://www.gstatic.com/firebasejs/9.8.4/firebase-auth/cordova.js","auth/react-native":"https://www.gstatic.com/firebasejs/9.8.4/firebase-auth/react-native.js","functions":"https://www.gstatic.com/firebasejs/9.8.4/firebase-functions.js","firestore":"https://www.gstatic.com/firebasejs/9.8.4/firebase-firestore.js","firestore/lite":"https://www.gstatic.com/firebasejs/9.8.4/firebase-firestore/lite.js","storage":"https://www.gstatic.com/firebasejs/9.8.4/firebase-storage.js","performance":"https://www.gstatic.com/firebasejs/9.8.4/firebase-performance.js","remote-config":"https://www.gstatic.com/firebasejs/9.8.4/firebase-remote-config.js","messaging":"https://www.gstatic.com/firebasejs/9.8.4/firebase-messaging.js","messaging/sw":"https://www.gstatic.com/firebasejs/9.8.4/firebase-messaging/sw.js","database":"https://www.gstatic.com/firebasejs/9.8.4/firebase-database.js","firestore.memory":"https://www.gstatic.com/firebasejs/9.8.4/firebase-firestore.memory.js"}}
[info] ✔  Wrote public/index.html 
[info] 
[info] i  Detected a .git folder at /home/caardila/minticProject/quickstart-js 
[info] i  Authorizing with GitHub to upload your service account to a GitHub repository's secrets store. 
[info] 
[info] Visit this URL on this device to log in:
[info] https://github.com/login/oauth/authorize?client_id=89cf50f02ac6aaed3484&state=176683957&redirect_uri=http%3A%2F%2Flocalhost%3A9005&scope=read%3Auser%20repo%20public_repo
[info] 
[info] Waiting for authentication...
[debug] [2022-06-26T03:11:51.457Z] >>> [apiv2][query] POST https://github.com/login/oauth/access_token [none]
[debug] [2022-06-26T03:11:51.458Z] >>> [apiv2][body] POST https://github.com/login/oauth/access_token [stream]
[debug] [2022-06-26T03:11:51.938Z] <<< [apiv2][status] POST https://github.com/login/oauth/access_token 200
[debug] [2022-06-26T03:11:51.938Z] <<< [apiv2][body] POST https://github.com/login/oauth/access_token {"access_token":"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","token_type":"bearer","scope":"read:user,repo"}
[debug] [2022-06-26T03:11:51.971Z] >>> [apiv2][query] GET https://api.github.com/user [none]
[debug] [2022-06-26T03:11:52.455Z] <<< [apiv2][status] GET https://api.github.com/user 200
[debug] [2022-06-26T03:11:52.455Z] <<< [apiv2][body] GET https://api.github.com/user {"login":"caardila41","id":64557951,"node_id":"MDQ6VXNlcjY0NTU3OTUx","avatar_url":"https://avatars.githubusercontent.com/u/64557951?v=4","gravatar_id":"","url":"https://api.github.com/users/caardila41","html_url":"https://github.com/caardila41","followers_url":"https://api.github.com/users/caardila41/followers","following_url":"https://api.github.com/users/caardila41/following{/other_user}","gists_url":"https://api.github.com/users/caardila41/gists{/gist_id}","starred_url":"https://api.github.com/users/caardila41/starred{/owner}{/repo}","subscriptions_url":"https://api.github.com/users/caardila41/subscriptions","organizations_url":"https://api.github.com/users/caardila41/orgs","repos_url":"https://api.github.com/users/caardila41/repos","events_url":"https://api.github.com/users/caardila41/events{/privacy}","received_events_url":"https://api.github.com/users/caardila41/received_events","type":"User","site_admin":false,"name":null,"company":null,"blog":"","location":null,"email":null,"hireable":null,"bio":null,"twitter_username":null,"public_repos":12,"public_gists":0,"followers":1,"following":0,"created_at":"2020-04-29T20:30:30Z","updated_at":"2022-06-04T22:37:23Z","private_gists":0,"total_private_repos":0,"owned_private_repos":0,"disk_usage":5048,"collaborators":0,"two_factor_authentication":false,"plan":{"name":"free","space":976562499,"collaborators":0,"private_repos":10000}}
[info] 
[info] ✔  Success! Logged into GitHub as caardila41 
[info] 
[debug] [2022-06-26T03:12:09.886Z] >>> [apiv2][query] GET https://api.github.com/repos//actions/secrets/public-key type=owner
[debug] [2022-06-26T03:12:10.322Z] <<< [apiv2][status] GET https://api.github.com/repos//actions/secrets/public-key 404
[debug] [2022-06-26T03:12:10.322Z] <<< [apiv2][body] GET https://api.github.com/repos//actions/secrets/public-key {"message":"Not Found","documentation_url":"https://docs.github.com/rest"}
[debug] [2022-06-26T03:12:38.569Z] >>> [apiv2][query] GET https://api.github.com/repos//actions/secrets/public-key type=owner
[debug] [2022-06-26T03:12:39.020Z] <<< [apiv2][status] GET https://api.github.com/repos//actions/secrets/public-key 404
[debug] [2022-06-26T03:12:39.020Z] <<< [apiv2][body] GET https://api.github.com/repos//actions/secrets/public-key {"message":"Not Found","documentation_url":"https://docs.github.com/rest"}
[debug] [2022-06-26T03:12:39.227Z] >>> [apiv2][query] GET https://api.github.com/repos//actions/secrets/public-key type=owner
[debug] [2022-06-26T03:12:39.537Z] >>> [apiv2][query] GET https://api.github.com/repos//actions/secrets/public-key type=owner
[debug] [2022-06-26T03:12:39.714Z] <<< [apiv2][status] GET https://api.github.com/repos//actions/secrets/public-key 404
[debug] [2022-06-26T03:12:39.714Z] <<< [apiv2][body] GET https://api.github.com/repos//actions/secrets/public-key {"message":"Not Found","documentation_url":"https://docs.github.com/rest"}
[debug] [2022-06-26T03:12:39.935Z] <<< [apiv2][status] GET https://api.github.com/repos//actions/secrets/public-key 404
[debug] [2022-06-26T03:12:39.935Z] <<< [apiv2][body] GET https://api.github.com/repos//actions/secrets/public-key {"message":"Not Found","documentation_url":"https://docs.github.com/rest"}
